Determining if the pthread_create exist failed with the following output:
Change Dir: /root/kmcoin/build/release/CMakeFiles/CMakeTmp

Run Build Command:"/usr/bin/make" "cmTC_b8891/fast"
make[1]: Entering directory '/root/kmcoin/build/release/CMakeFiles/CMakeTmp'
/usr/bin/make -f CMakeFiles/cmTC_b8891.dir/build.make CMakeFiles/cmTC_b8891.dir/build
make[2]: Entering directory '/root/kmcoin/build/release/CMakeFiles/CMakeTmp'
Building C object CMakeFiles/cmTC_b8891.dir/CheckSymbolExists.c.o
/usr/bin/cc   -std=c11  -Wall -Wextra -Wpointer-arith -Wundef -Wvla -Wwrite-strings -Werror -Wno-error=extra -Wno-error=unused-function -Wno-error=deprecated-declarations -Wno-error=sign-compare -Wno-error=strict-aliasing -Wno-error=type-limits -Wno-unused-parameter -Wno-error=unused-variable -Wno-error=undef -Wno-error=uninitialized -Wno-error=unused-result -Wlogical-op -Wno-error=maybe-uninitialized -Wno-error=clobbered -Wno-error=unused-but-set-variable -Wno-error=odr -Waggregate-return -Wnested-externs -Wold-style-definition -Wstrict-prototypes -march=native -maes    -o CMakeFiles/cmTC_b8891.dir/CheckSymbolExists.c.o   -c /root/kmcoin/build/release/CMakeFiles/CMakeTmp/CheckSymbolExists.c
Linking C executable cmTC_b8891
/usr/bin/cmake -E cmake_link_script CMakeFiles/cmTC_b8891.dir/link.txt --verbose=1
/usr/bin/cc  -std=c11  -Wall -Wextra -Wpointer-arith -Wundef -Wvla -Wwrite-strings -Werror -Wno-error=extra -Wno-error=unused-function -Wno-error=deprecated-declarations -Wno-error=sign-compare -Wno-error=strict-aliasing -Wno-error=type-limits -Wno-unused-parameter -Wno-error=unused-variable -Wno-error=undef -Wno-error=uninitialized -Wno-error=unused-result -Wlogical-op -Wno-error=maybe-uninitialized -Wno-error=clobbered -Wno-error=unused-but-set-variable -Wno-error=odr -Waggregate-return -Wnested-externs -Wold-style-definition -Wstrict-prototypes -march=native -maes     -rdynamic CMakeFiles/cmTC_b8891.dir/CheckSymbolExists.c.o  -o cmTC_b8891 
CMakeFiles/cmTC_b8891.dir/CheckSymbolExists.c.o: In function `main':
CheckSymbolExists.c:(.text+0x1b): undefined reference to `pthread_create'
collect2: error: ld returned 1 exit status
CMakeFiles/cmTC_b8891.dir/build.make:97: recipe for target 'cmTC_b8891' failed
make[2]: *** [cmTC_b8891] Error 1
make[2]: Leaving directory '/root/kmcoin/build/release/CMakeFiles/CMakeTmp'
Makefile:126: recipe for target 'cmTC_b8891/fast' failed
make[1]: *** [cmTC_b8891/fast] Error 2
make[1]: Leaving directory '/root/kmcoin/build/release/CMakeFiles/CMakeTmp'

File /root/kmcoin/build/release/CMakeFiles/CMakeTmp/CheckSymbolExists.c:
/* */
#include <pthread.h>

int main(int argc, char** argv)
{
  (void)argv;
#ifndef pthread_create
  return ((int*)(&pthread_create))[argc];
#else
  (void)argc;
  return 0;
#endif
}

Determining if the function pthread_create exists in the pthreads failed with the following output:
Change Dir: /root/kmcoin/build/release/CMakeFiles/CMakeTmp

Run Build Command:"/usr/bin/make" "cmTC_5ac58/fast"
make[1]: Entering directory '/root/kmcoin/build/release/CMakeFiles/CMakeTmp'
/usr/bin/make -f CMakeFiles/cmTC_5ac58.dir/build.make CMakeFiles/cmTC_5ac58.dir/build
make[2]: Entering directory '/root/kmcoin/build/release/CMakeFiles/CMakeTmp'
Building C object CMakeFiles/cmTC_5ac58.dir/CheckFunctionExists.c.o
/usr/bin/cc   -std=c11  -Wall -Wextra -Wpointer-arith -Wundef -Wvla -Wwrite-strings -Werror -Wno-error=extra -Wno-error=unused-function -Wno-error=deprecated-declarations -Wno-error=sign-compare -Wno-error=strict-aliasing -Wno-error=type-limits -Wno-unused-parameter -Wno-error=unused-variable -Wno-error=undef -Wno-error=uninitialized -Wno-error=unused-result -Wlogical-op -Wno-error=maybe-uninitialized -Wno-error=clobbered -Wno-error=unused-but-set-variable -Wno-error=odr -Waggregate-return -Wnested-externs -Wold-style-definition -Wstrict-prototypes -march=native -maes -DCHECK_FUNCTION_EXISTS=pthread_create   -o CMakeFiles/cmTC_5ac58.dir/CheckFunctionExists.c.o   -c /usr/share/cmake-3.9/Modules/CheckFunctionExists.c
Linking C executable cmTC_5ac58
/usr/bin/cmake -E cmake_link_script CMakeFiles/cmTC_5ac58.dir/link.txt --verbose=1
/usr/bin/cc  -std=c11  -Wall -Wextra -Wpointer-arith -Wundef -Wvla -Wwrite-strings -Werror -Wno-error=extra -Wno-error=unused-function -Wno-error=deprecated-declarations -Wno-error=sign-compare -Wno-error=strict-aliasing -Wno-error=type-limits -Wno-unused-parameter -Wno-error=unused-variable -Wno-error=undef -Wno-error=uninitialized -Wno-error=unused-result -Wlogical-op -Wno-error=maybe-uninitialized -Wno-error=clobbered -Wno-error=unused-but-set-variable -Wno-error=odr -Waggregate-return -Wnested-externs -Wold-style-definition -Wstrict-prototypes -march=native -maes -DCHECK_FUNCTION_EXISTS=pthread_create    -rdynamic CMakeFiles/cmTC_5ac58.dir/CheckFunctionExists.c.o  -o cmTC_5ac58 -lpthreads 
/usr/bin/ld: cannot find -lpthreads
collect2: error: ld returned 1 exit status
CMakeFiles/cmTC_5ac58.dir/build.make:97: recipe for target 'cmTC_5ac58' failed
make[2]: *** [cmTC_5ac58] Error 1
make[2]: Leaving directory '/root/kmcoin/build/release/CMakeFiles/CMakeTmp'
Makefile:126: recipe for target 'cmTC_5ac58/fast' failed
make[1]: *** [cmTC_5ac58/fast] Error 2
make[1]: Leaving directory '/root/kmcoin/build/release/CMakeFiles/CMakeTmp'


